Build started 1/26/2014 10:02:32 PM.
     1>Project "C:\Users\Owner\Documents\Visual Studio 2013\Projects\Project1\Project1\Project1.vcxproj" on node 2 (Build target(s)).
     1>ClCompile:
         C:\Program Files (x86)\Microsoft Visual Studio 12.0\VC\bin\CL.exe /c /ZI /nologo /W3 /WX- /sdl /Od /Oy- /D _MBCS /Gm /EHsc /RTC1 /MDd /GS /fp:precise /Zc:wchar_t /Zc:forScope /Fo"Debug\\" /Fd"Debug\vc120.pdb" /Gd /TP /analyze- /errorReport:prompt Hello.cpp
         Hello.cpp
     1>c:\users\owner\documents\visual studio 2013\projects\project1\project1\hello.cpp(136): warning C4018: '<' : signed/unsigned mismatch
     1>c:\users\owner\documents\visual studio 2013\projects\project1\project1\hello.cpp(173): warning C4018: '<' : signed/unsigned mismatch
     1>c:\users\owner\documents\visual studio 2013\projects\project1\project1\hello.cpp(225): warning C4018: '<' : signed/unsigned mismatch
     1>c:\users\owner\documents\visual studio 2013\projects\project1\project1\hello.cpp(229): warning C4018: '<' : signed/unsigned mismatch
     1>c:\users\owner\documents\visual studio 2013\projects\project1\project1\hello.cpp(240): warning C4018: '<' : signed/unsigned mismatch
     1>c:\users\owner\documents\visual studio 2013\projects\project1\project1\hello.cpp(244): warning C4018: '<' : signed/unsigned mismatch
     1>c:\users\owner\documents\visual studio 2013\projects\project1\project1\hello.cpp(250): warning C4018: '<' : signed/unsigned mismatch
     1>c:\users\owner\documents\visual studio 2013\projects\project1\project1\hello.cpp(257): warning C4018: '<' : signed/unsigned mismatch
     1>c:\users\owner\documents\visual studio 2013\projects\project1\project1\hello.cpp(287): warning C4018: '<' : signed/unsigned mismatch
       Link:
         C:\Program Files (x86)\Microsoft Visual Studio 12.0\VC\bin\link.exe /ERRORREPORT:PROMPT /OUT:"C:\Users\Owner\Documents\Visual Studio 2013\Projects\Project1\Debug\Project1.exe" /INCREMENTAL /NOLOGO kernel32.lib user32.lib gdi32.lib winspool.lib comdlg32.lib advapi32.lib shell32.lib ole32.lib oleaut32.lib uuid.lib odbc32.lib odbccp32.lib /MANIFEST /MANIFESTUAC:"level='asInvoker' uiAccess='false'" /manifest:embed /DEBUG /PDB:"C:\Users\Owner\Documents\Visual Studio 2013\Projects\Project1\Debug\Project1.pdb" /TLBID:1 /DYNAMICBASE /NXCOMPAT /IMPLIB:"C:\Users\Owner\Documents\Visual Studio 2013\Projects\Project1\Debug\Project1.lib" /MACHINE:X86 Debug\Hello.obj
         Project1.vcxproj -> C:\Users\Owner\Documents\Visual Studio 2013\Projects\Project1\Debug\Project1.exe
     1>Done Building Project "C:\Users\Owner\Documents\Visual Studio 2013\Projects\Project1\Project1\Project1.vcxproj" (Build target(s)).

Build succeeded.

Time Elapsed 00:00:00.80
